[source] example.c
[abduce-binsec:run] nzr+timeout in 180.0128152370453 seconds
[36m[info]   :[0m initialization vulnerability example: {'ebp': '0x00000000', 'ebx': '0x00000000', '0x080e3f50': '0x00', '0x080e3f51': '0x00', '0x080e3f52': '0xdb', '0x080e3f53': '0x2f', '0x080e3f54': '0x00', '0x080e3f55': '0x00', '0x080e3f56': '0xdb', 'default': '0xaf'}[0m
[36m[info]   :[0m no necessary constant detected[0m
[36m[info]   :[0m evaluating candidate: set()[0m
[36m[info]   :[0m counter-example: {'ebp': '0x00000000', 'ebx': '0x00000000', '0x080e3f50': '0x9a', '0x080e3f51': '0x00', '0x080e3f52': '0x7c', '0x080e3f53': '0x3b', '0x080e3f54': '0x00', '0x080e3f55': '0x00', '0x080e3f56': '0x00', 'default': '0x44'}[0m
[36m[info]   :[0m restart vars->literal generation[0m
[36m[info]   :[0m evaluating candidate: {(@[0x080e3f52,1] = @[0x080e3f56,1])}[0m
[36m[info]   :[0m counter-example: {'ebp': '0x00000000', 'ebx': '0x00000000', '0x080e3f50': '0xf8', '0x080e3f51': '0xff', '0x080e3f52': '0x5f', '0x080e3f54': '0xf8', '0x080e3f55': '0xff', '0x080e3f56': '0x5f', 'default': '0x51'}[0m
[36m[info]   :[0m evaluating candidate: {(@[0x080e3f55,1] = @[0x080e3f52,1])}[0m
[36m[info]   :[0m counter-example: {'ebp': '0x00000000', 'ebx': '0x00000000', '0x080e3f50': '0x00', '0x080e3f51': '0x00', '0x080e3f52': '0x00', '0x080e3f54': '0x00', '0x080e3f55': '0x00', '0x080e3f56': '0x00', 'default': '0x40'}[0m
[36m[info]   :[0m evaluating candidate: {(@[0x080e3f55,1] = @[0x080e3f53,1])}[0m
[36m[info]   :[0m counter-example: {'ebp': '0x00000000', 'ebx': '0x00000000', '0x080e3f50': '0x44', '0x080e3f52': '0x2d', '0x080e3f54': '0x44', '0x080e3f56': '0x2d', 'default': '0xc0'}[0m
[36m[info]   :[0m evaluating candidate: {(@[0x080e3f52,1] = @[0x080e3f53,1])}[0m
[36m[info]   :[0m counter-example: {'ebp': '0x00000000', 'ebx': '0x00000000', '0x080e3f50': '0x00', '0x080e3f51': '0x60', '0x080e3f54': '0x00', '0x080e3f55': '0x60', 'default': '0x3f'}[0m
[36m[info]   :[0m evaluating candidate: {(@[0x080e3f54,1] = @[0x080e3f53,1])}[0m
[36m[info]   :[0m counter-example: {'ebp': '0x00000000', 'ebx': '0x00000000', '0x080e3f51': '0xfd', '0x080e3f52': '0xff', '0x080e3f55': '0xfd', '0x080e3f56': '0xff', 'default': '0x1f'}[0m
[36m[info]   :[0m evaluating candidate: {(0x000000::@[0x080e3f53,1] = ebp<32>)}[0m
[36m[info]   :[0m counter-example: {'ebp': '0x0000003b', 'ebx': '0x00000000', '0x080e3f50': '0x9a', '0x080e3f51': '0x00', '0x080e3f52': '0x7c', '0x080e3f53': '0x3b', '0x080e3f54': '0x00', '0x080e3f55': '0x00', '0x080e3f56': '0x00', 'default': '0x44'}[0m
[36m[info]   :[0m evaluating candidate: {(0x000000::@[0x080e3f53,1] = ebx<32>)}[0m
[36m[info]   :[0m counter-example: {'ebp': '0x00000000', 'ebx': '0x0000003b', '0x080e3f50': '0x9a', '0x080e3f51': '0x00', '0x080e3f52': '0x7c', '0x080e3f53': '0x3b', '0x080e3f54': '0x00', '0x080e3f55': '0x00', '0x080e3f56': '0x00', 'default': '0x44'}[0m
[36m[info]   :[0m evaluating candidate: {(@[0x080e3f55,1] <> @[0x080e3f51,1])}[0m
[36m[info]   :[0m counter-example: {'ebp': '0x00000000', 'ebx': '0x00000000', '0x080e3f55': '0x02', 'default': '0x00'}[0m
[36m[info]   :[0m evaluating candidate: {(@[0x080e3f52,1] = @[0x080e3f56,1]), (@[0x080e3f54,1] <> @[0x080e3f50,1])}[0m
[36m[info]   :[0m counter-example: {'ebp': '0x00000000', 'ebx': '0x00000000', '0x080e3f50': '0x80', '0x080e3f53': '0x80', 'default': '0x00'}[0m
[36m[info]   :[0m evaluating candidate: {(@[0x080e3f52,1] = @[0x080e3f56,1]), (ebp<32> <> ebx<32>)}[0m
[36m[info]   :[0m counter-example: {'ebp': '0xffffffff', 'ebx': '0x00000000', '0x080e3f50': '0xf8', '0x080e3f51': '0xff', '0x080e3f52': '0x5f', '0x080e3f54': '0xf8', '0x080e3f55': '0xff', '0x080e3f56': '0x5f', 'default': '0x51'}[0m
[36m[info]   :[0m evaluating candidate: {(@[0x080e3f52,1] <> @[0x080e3f56,1]), (@[0x080e3f54,1] = @[0x080e3f50,1])}[0m
[36m[info]   :[0m counter-example: {'ebp': '0x00000000', 'ebx': '0x00000000', '0x080e3f50': '0x00', '0x080e3f51': '0x00', '0x080e3f52': '0x80', '0x080e3f53': '0x00', '0x080e3f54': '0x00', '0x080e3f55': '0x00', '0x080e3f56': '0x00', 'default': '0x01'}[0m
[36m[info]   :[0m evaluating candidate: {(@[0x080e3f55,1] = @[0x080e3f52,1]), (@[0x080e3f52,1] <> @[0x080e3f54,1])}[0m
[36m[info]   :[0m counter-example: {'ebp': '0x00000000', 'ebx': '0x00000000', '0x080e3f51': '0xdf', '0x080e3f52': '0xdf', '0x080e3f55': '0xdf', '0x080e3f56': '0xdf', 'default': '0x5f'}[0m
[36m[info]   :[0m evaluating candidate: {(0x000000::@[0x080e3f52,1] = ebp<32>), (@[0x080e3f52,1] <> @[0x080e3f54,1])}[0m
[36m[info]   :[0m counter-example: {'ebp': '0x00000080', 'ebx': '0x00000000', '0x080e3f50': '0x00', '0x080e3f51': '0x60', '0x080e3f52': '0x80', '0x080e3f54': '0x00', '0x080e3f55': '0x60', '0x080e3f56': '0x80', 'default': '0x16'}[0m
[36m[info]   :[0m evaluating candidate: {(0x000000::@[0x080e3f52,1] = ebx<32>), (@[0x080e3f52,1] <> @[0x080e3f54,1])}[0m
[36m[info]   :[0m counter-example: {'ebp': '0x00000000', 'ebx': '0x00000080', '0x080e3f50': '0x00', '0x080e3f51': '0x60', '0x080e3f52': '0x80', '0x080e3f54': '0x00', '0x080e3f55': '0x60', '0x080e3f56': '0x80', 'default': '0x16'}[0m
[36m[info]   :[0m evaluating candidate: {(@[0x080e3f52,1] = @[0x080e3f50,1]), (@[0x080e3f52,1] <> @[0x080e3f54,1])}[0m
[36m[info]   :[0m counter-example: {'ebp': '0x00000000', 'ebx': '0x00000000', '0x080e3f50': '0x01', '0x080e3f52': '0x01', '0x080e3f55': '0x80', '0x080e3f56': '0x01', 'default': '0x00'}[0m
[36m[info]   :[0m evaluating candidate: {(0x000000::@[0x080e3f52,1] <> ebp<32>), (@[0x080e3f52,1] = @[0x080e3f54,1])}[0m
[36m[info]   :[0m counter-example: {'ebp': '0xffffffff', 'ebx': '0x00000000', '0x080e3f50': '0x00', '0x080e3f51': '0x00', '0x080e3f52': '0x00', '0x080e3f54': '0x00', '0x080e3f55': '0x00', '0x080e3f56': '0x00', 'default': '0x40'}[0m
[36m[info]   :[0m evaluating candidate: {(0x000000::@[0x080e3f52,1] <> ebx<32>), (@[0x080e3f52,1] = @[0x080e3f54,1])}[0m
[36m[info]   :[0m counter-example: {'ebp': '0x00000000', 'ebx': '0xffffffff', '0x080e3f50': '0x00', '0x080e3f51': '0x00', '0x080e3f52': '0x00', '0x080e3f54': '0x00', '0x080e3f55': '0x00', '0x080e3f56': '0x00', 'default': '0x40'}[0m
[36m[info]   :[0m evaluating candidate: {(@[0x080e3f55,1] <> @[0x080e3f51,1]), (@[0x080e3f52,1] <> @[0x080e3f50,1])}[0m
[36m[info]   :[0m counter-example: {'ebp': '0x00000000', 'ebx': '0x00000000', '0x080e3f50': '0x80', '0x080e3f51': '0x78', '0x080e3f55': '0x88', 'default': '0x00'}[0m
[36m[info]   :[0m evaluating candidate: {(@[0x080e3f55,1] <> @[0x080e3f51,1]), (@[0x080e3f54,1] <> @[0x080e3f53,1])}[0m
[36m[info]   :[0m counter-example: {'ebp': '0x00000000', 'ebx': '0x00000000', '0x080e3f50': '0xe3', '0x080e3f51': '0x01', '0x080e3f52': '0x00', '0x080e3f54': '0xb1', '0x080e3f55': '0x02', '0x080e3f56': '0x00', 'default': '0x30'}[0m
[36m[info]   :[0m evaluating candidate: {(@[0x080e3f55,1] = @[0x080e3f54,1]), (@[0x080e3f54,1] <> @[0x080e3f56,1])}[0m
[36m[info]   :[0m counter-example: {'ebp': '0x00000000', 'ebx': '0x00000000', '0x080e3f50': '0x7f', '0x080e3f51': '0x7f', '0x080e3f52': '0xff', '0x080e3f54': '0x7f', '0x080e3f55': '0x7f', '0x080e3f56': '0xff', 'default': '0x04'}[0m
[36m[info]   :[0m evaluating candidate: {(@[0x080e3f54,1] <> @[0x080e3f56,1]), (0x000000::@[0x080e3f55,1] = ebp<32>)}[0m
[36m[info]   :[0m counter-example: {'ebp': '0x00000040', 'ebx': '0x00000000', '0x080e3f50': '0x00', '0x080e3f51': '0x40', '0x080e3f52': '0x80', '0x080e3f54': '0x00', '0x080e3f55': '0x40', '0x080e3f56': '0x80', 'default': '0x7f'}[0m
[36m[info]   :[0m evaluating candidate: {(0x000000::@[0x080e3f55,1] = ebx<32>), (@[0x080e3f54,1] <> @[0x080e3f56,1])}[0m
[36m[info]   :[0m counter-example: {'ebp': '0x00000000', 'ebx': '0x00000040', '0x080e3f50': '0x00', '0x080e3f51': '0x40', '0x080e3f52': '0x80', '0x080e3f54': '0x00', '0x080e3f55': '0x40', '0x080e3f56': '0x80', 'default': '0x7f'}[0m
[36m[info]   :[0m evaluating candidate: {(@[0x080e3f52,1] = @[0x080e3f54,1]), (@[0x080e3f54,1] <> @[0x080e3f56,1])}[0m
[36m[info]   :[0m counter-example: {'ebp': '0x00000000', 'ebx': '0x00000000', '0x080e3f50': '0xff', '0x080e3f51': '0xff', '0x080e3f52': '0x07', '0x080e3f54': '0x07', '0x080e3f56': '0x08', 'default': '0x00'}[0m
[36m[info]   :[0m evaluating candidate: {(0x000000::@[0x080e3f52,1] = ebp<32>), (0x000000::@[0x080e3f56,1] <> ebp<32>)}[0m
[36m[info]   :[0m counter-example: {'ebp': '0x00000000', 'ebx': '0x00000000', '0x080e3f56': '0x08', 'default': '0x00'}[0m
[36m[info]   :[0m evaluating candidate: {(@[0x080e3f55,1] = @[0x080e3f52,1]), (@[0x080e3f52,1] <> @[0x080e3f51,1])}[0m
[36m[info]   :[0m counter-example: {'ebp': '0x00000000', 'ebx': '0x00000000', '0x080e3f52': '0x02', '0x080e3f55': '0x02', '0x080e3f56': '0x02', 'default': '0x00'}[0m
[36m[info]   :[0m evaluating candidate: {(@[0x080e3f55,1] = @[0x080e3f52,1]), (@[0x080e3f53,1] = @[0x080e3f56,1])}[0m
[36m[info]   :[0m counter-example: {'ebp': '0x00000000', 'ebx': '0x00000000', '0x080e3f50': '0x00', '0x080e3f54': '0x00', 'default': '0x7e'}[0m
[36m[info]   :[0m evaluating candidate: {(@[0x080e3f54,1] <> @[0x080e3f51,1]), (@[0x080e3f55,1] = @[0x080e3f54,1])}[0m
[36m[info]   :[0m counter-example: {'ebp': '0x00000000', 'ebx': '0x00000000', '0x080e3f51': '0x80', '0x080e3f56': '0x80', 'default': '0x00'}[0m
[36m[info]   :[0m evaluating candidate: {(@[0x080e3f55,1] <> @[0x080e3f54,1]), (@[0x080e3f55,1] = @[0x080e3f50,1])}[0m
[36m[info]   :[0m counter-example: {'ebp': '0x00000000', 'ebx': '0x00000000', '0x080e3f50': '0x08', '0x080e3f55': '0x08', 'default': '0x00'}[0m
[36m[info]   :[0m evaluating candidate: {(0x000000::@[0x080e3f54,1] <> ebp<32>), (0x000000::@[0x080e3f50,1] = ebp<32>)}[0m
[36m[info]   :[0m counter-example: {'ebp': '0x000000ff', 'ebx': '0x00000000', '0x080e3f50': '0xff', '0x080e3f51': '0xff', '0x080e3f52': '0xff', '0x080e3f53': '0x03', '0x080e3f54': '0x01', '0x080e3f55': '0x00', '0x080e3f56': '0x00', 'default': '0x04'}[0m
[36m[info]   :[0m evaluating candidate: {(0x000000::@[0x080e3f54,1] <> ebx<32>), (0x000000::@[0x080e3f50,1] = ebx<32>)}[0m
[36m[info]   :[0m counter-example: {'ebp': '0x00000000', 'ebx': '0x000000ff', '0x080e3f50': '0xff', '0x080e3f51': '0xff', '0x080e3f52': '0xff', '0x080e3f53': '0x03', '0x080e3f54': '0x01', '0x080e3f55': '0x00', '0x080e3f56': '0x00', 'default': '0x04'}[0m
[36m[info]   :[0m evaluating candidate: {(0x000000::@[0x080e3f54,1] <> ebp<32>), (@[0x080e3f52,1] = @[0x080e3f53,1])}[0m
[36m[info]   :[0m counter-example: {'ebp': '0xffffffbf', 'ebx': '0x00000000', '0x080e3f50': '0x40', '0x080e3f51': '0x93', '0x080e3f54': '0x40', '0x080e3f55': '0x93', 'default': '0x60'}[0m
[36m[info]   :[0m evaluating candidate: {(@[0x080e3f54,1] <> @[0x080e3f51,1]), (@[0x080e3f56,1] = @[0x080e3f50,1])}[0m
[36m[info]   :[0m counter-example: {'ebp': '0x00000000', 'ebx': '0x00000000', '0x080e3f50': '0x00', '0x080e3f51': '0x80', '0x080e3f52': '0x00', '0x080e3f54': '0x00', '0x080e3f55': '0x80', '0x080e3f56': '0x00', 'default': '0x1e'}[0m
[36m[info]   :[0m evaluating candidate: {(@[0x080e3f55,1] = @[0x080e3f53,1]), (ebp<32> <> ebx<32>)}[0m
[36m[info]   :[0m counter-example: {'ebp': '0xffffffff', 'ebx': '0x00000000', '0x080e3f50': '0xb3', '0x080e3f52': '0xbf', '0x080e3f54': '0xb3', '0x080e3f56': '0xbf', 'default': '0xce'}[0m
[36m[info]   :[0m evaluating candidate: {(@[0x080e3f54,1] = @[0x080e3f53,1]), (ebp<32> <> ebx<32>)}[0m
[36m[info]   :[0m counter-example: {'ebp': '0xffffffff', 'ebx': '0x00000000', '0x080e3f51': '0x00', '0x080e3f52': '0x40', '0x080e3f55': '0x00', '0x080e3f56': '0x40', 'default': '0x0c'}[0m
[36m[info]   :[0m evaluating candidate: {(@[0x080e3f52,1] = @[0x080e3f56,1]), (0x000000::@[0x080e3f53,1] = ebp<32>), (@[0x080e3f55,1] = @[0x080e3f51,1])}[0m
[36m[info]   :[0m counter-example: {'ebp': '0x00000000', 'ebx': '0x00000000', 'default': '0x00'}[0m
[36m[info]   :[0m evaluating candidate: {(@[0x080e3f52,1] = @[0x080e3f50,1]), (@[0x080e3f52,1] <> @[0x080e3f54,1]), (@[0x080e3f55,1] = @[0x080e3f51,1])}[0m
[36m[info]   :[0m counter-example: {'ebp': '0x00000000', 'ebx': '0x00000000', '0x080e3f50': '0xef', '0x080e3f51': '0x80', '0x080e3f52': '0xef', '0x080e3f53': '0xe6', '0x080e3f54': '0x00', '0x080e3f55': '0x80', '0x080e3f56': '0x67', 'default': '0x49'}[0m
[36m[info]   :[0m evaluating candidate: {(@[0x080e3f56,1] = @[0x080e3f50,1]), (@[0x080e3f55,1] = @[0x080e3f51,1]), (@[0x080e3f54,1] <> @[0x080e3f56,1])}[0m
[36m[info]   :[0m counter-example: {'ebp': '0x00000000', 'ebx': '0x00000000', '0x080e3f50': '0x40', '0x080e3f51': '0x52', '0x080e3f52': '0xef', '0x080e3f53': '0x01', '0x080e3f54': '0xd0', '0x080e3f55': '0x52', '0x080e3f56': '0x40', 'default': '0x02'}[0m
[36m[info]   :[0m evaluating candidate: {(@[0x080e3f54,1] = @[0x080e3f53,1]), (@[0x080e3f53,1] <> @[0x080e3f50,1]), (@[0x080e3f55,1] = @[0x080e3f51,1])}[0m
[36m[info]   :[0m counter-example: {'ebp': '0x00000000', 'ebx': '0x00000000', '0x080e3f50': '0xee', '0x080e3f51': '0xbf', '0x080e3f52': '0x65', '0x080e3f53': '0xa2', '0x080e3f54': '0xa2', '0x080e3f55': '0xbf', '0x080e3f56': '0x09', 'default': '0x08'}[0m
[36m[info]   :[0m evaluating candidate: {(@[0x080e3f55,1] <> @[0x080e3f54,1]), (@[0x080e3f55,1] = @[0x080e3f51,1]), (@[0x080e3f55,1] = @[0x080e3f50,1])}[0m
[36m[info]   :[0m counter-example: {'ebp': '0x00000000', 'ebx': '0x00000000', '0x080e3f50': '0x80', '0x080e3f51': '0x80', '0x080e3f52': '0x48', '0x080e3f53': '0xee', '0x080e3f54': '0x00', '0x080e3f55': '0x80', '0x080e3f56': '0x11', 'default': '0x4b'}[0m
[36m[info]   :[0m evaluating candidate: {(0x000000::@[0x080e3f54,1] <> ebp<32>), (0x000000::@[0x080e3f50,1] = ebp<32>), (@[0x080e3f55,1] = @[0x080e3f51,1])}[0m
[36m[info]   :[0m counter-example: {'ebp': '0x00000080', 'ebx': '0x00000000', '0x080e3f50': '0x80', '0x080e3f51': '0xe0', '0x080e3f52': '0x01', '0x080e3f55': '0xe0', '0x080e3f56': '0x02', 'default': '0x00'}[0m
[36m[info]   :[0m evaluating candidate: {(0x000000::@[0x080e3f54,1] <> ebx<32>), (@[0x080e3f55,1] = @[0x080e3f51,1]), (0x000000::@[0x080e3f50,1] = ebx<32>)}[0m
[36m[info]   :[0m counter-example: {'ebp': '0x00000000', 'ebx': '0x00000080', '0x080e3f50': '0x80', '0x080e3f51': '0xe0', '0x080e3f52': '0x01', '0x080e3f55': '0xe0', '0x080e3f56': '0x02', 'default': '0x00'}[0m
[36m[info]   :[0m evaluating candidate: {(@[0x080e3f54,1] <> @[0x080e3f50,1]), (@[0x080e3f55,1] = @[0x080e3f53,1]), (@[0x080e3f55,1] = @[0x080e3f51,1])}[0m
[36m[info]   :[0m counter-example: {'ebp': '0x00000000', 'ebx': '0x00000000', '0x080e3f50': '0x80', '0x080e3f51': '0x00', '0x080e3f52': '0x00', '0x080e3f53': '0x00', '0x080e3f54': '0x00', '0x080e3f55': '0x00', '0x080e3f56': '0x00', 'default': '0x01'}[0m
[36m[info]   :[0m evaluating candidate: {(@[0x080e3f52,1] = @[0x080e3f56,1]), (0x000000::@[0x080e3f53,1] = ebp<32>), (@[0x080e3f54,1] <> @[0x080e3f53,1])}[0m
[36m[info]   :[0m counter-example: {'ebp': '0x0000003f', 'ebx': '0x00000000', '0x080e3f50': '0xbf', '0x080e3f51': '0xff', '0x080e3f52': '0xff', '0x080e3f54': '0xbf', '0x080e3f55': '0xff', '0x080e3f56': '0xff', 'default': '0x3f'}[0m
[36m[info]   :[0m evaluating candidate: {(@[0x080e3f52,1] = @[0x080e3f56,1]), (0x000000::@[0x080e3f53,1] = ebx<32>), (@[0x080e3f54,1] <> @[0x080e3f53,1])}[0m
[36m[info]   :[0m counter-example: {'ebp': '0x00000000', 'ebx': '0x0000003f', '0x080e3f50': '0xbf', '0x080e3f51': '0xff', '0x080e3f52': '0xff', '0x080e3f54': '0xbf', '0x080e3f55': '0xff', '0x080e3f56': '0xff', 'default': '0x3f'}[0m
[36m[info]   :[0m evaluating candidate: {(@[0x080e3f52,1] = @[0x080e3f56,1]), (@[0x080e3f55,1] = @[0x080e3f53,1]), (@[0x080e3f53,1] <> @[0x080e3f51,1])}[0m
[36m[info]   :[0m counter-example: {'ebp': '0x00000000', 'ebx': '0x00000000', '0x080e3f50': '0xff', '0x080e3f51': '0xbf', '0x080e3f52': '0xff', '0x080e3f53': '0x3f', '0x080e3f54': '0x01', '0x080e3f55': '0x3f', '0x080e3f56': '0xff', 'default': '0x40'}[0m
[36m[info]   :[0m evaluating candidate: {(@[0x080e3f52,1] = @[0x080e3f56,1]), (@[0x080e3f55,1] = @[0x080e3f54,1]), (@[0x080e3f54,1] <> @[0x080e3f51,1])}[0m
[36m[info]   :[0m counter-example: {'ebp': '0x00000000', 'ebx': '0x00000000', '0x080e3f50': '0xf0', '0x080e3f51': '0x8f', '0x080e3f52': '0x01', '0x080e3f54': '0xd0', '0x080e3f55': '0xd0', '0x080e3f56': '0x01', 'default': '0x00'}[0m
[36m[info]   :[0m evaluating candidate: {(@[0x080e3f52,1] = @[0x080e3f56,1]), (0x000000::@[0x080e3f51,1] <> ebp<32>), (0x000000::@[0x080e3f55,1] = ebp<32>)}[0m
[36m[info]   :[0m counter-example: {'ebp': '0x00000082', 'ebx': '0x00000000', '0x080e3f55': '0x82', 'default': '0x00'}[0m
[36m[info]   :[0m evaluating candidate: {(@[0x080e3f52,1] = @[0x080e3f56,1]), (0x000000::@[0x080e3f51,1] <> ebx<32>), (0x000000::@[0x080e3f55,1] = ebx<32>)}[0m
[36m[info]   :[0m counter-example: {'ebp': '0x00000000', 'ebx': '0x00000082', '0x080e3f55': '0x82', 'default': '0x00'}[0m
[36m[info]   :[0m evaluating candidate: {(@[0x080e3f52,1] = @[0x080e3f56,1]), (@[0x080e3f54,1] <> @[0x080e3f51,1]), (@[0x080e3f55,1] = @[0x080e3f50,1])}[0m
[36m[info]   :[0m counter-example: {'ebp': '0x00000000', 'ebx': '0x00000000', '0x080e3f50': '0xe1', '0x080e3f51': '0x5e', '0x080e3f52': '0x0d', '0x080e3f53': '0x1e', '0x080e3f54': '0x83', '0x080e3f55': '0xe1', '0x080e3f56': '0x0d', 'default': '0x6b'}[0m
[36m[info]   :[0m evaluating candidate: {(@[0x080e3f52,1] = @[0x080e3f56,1]), (0x000000::@[0x080e3f54,1] <> ebp<32>), (0x000000::@[0x080e3f50,1] = ebp<32>)}[0m
[36m[info]   :[0m counter-example: {'ebp': '0x00000080', 'ebx': '0x00000000', '0x080e3f50': '0x80', '0x080e3f53': '0x80', 'default': '0x00'}[0m
[36m[info]   :[0m evaluating candidate: {(@[0x080e3f52,1] = @[0x080e3f56,1]), (@[0x080e3f51,1] = @[0x080e3f50,1]), (@[0x080e3f54,1] <> @[0x080e3f51,1])}[0m
[36m[info]   :[0m counter-example: {'ebp': '0x00000000', 'ebx': '0x00000000', '0x080e3f50': '0xef', '0x080e3f51': '0xef', '0x080e3f54': '0x01', '0x080e3f55': '0xf0', 'default': '0x00'}[0m
[36m[info]   :[0m evaluating candidate: {(@[0x080e3f52,1] = @[0x080e3f56,1]), (0x000000::@[0x080e3f54,1] <> ebx<32>), (0x000000::@[0x080e3f50,1] = ebx<32>)}[0m
[36m[info]   :[0m counter-example: {'ebp': '0x00000000', 'ebx': '0x00000080', '0x080e3f50': '0x80', '0x080e3f53': '0x80', 'default': '0x00'}[0m
[36m[info]   :[0m evaluating candidate: {(@[0x080e3f52,1] <> @[0x080e3f56,1]), (@[0x080e3f54,1] = @[0x080e3f50,1]), (@[0x080e3f55,1] <> @[0x080e3f53,1])}[0m
[36m[info]   :[0m counter-example: {'ebp': '0x00000000', 'ebx': '0x00000000', '0x080e3f50': '0x80', '0x080e3f51': '0xff', '0x080e3f52': '0xff', '0x080e3f53': '0x01', '0x080e3f54': '0x80', '0x080e3f55': '0x81', '0x080e3f56': '0x70', 'default': '0x02'}[0m
[36m[info]   :[0m evaluating candidate: {(ebp<32> <> ebx<32>), (@[0x080e3f52,1] <> @[0x080e3f56,1]), (@[0x080e3f54,1] = @[0x080e3f50,1])}[0m
[36m[info]   :[0m counter-example: {'ebp': '0xffffffff', 'ebx': '0x00000000', '0x080e3f52': '0x80', '0x080e3f57': '0x01', 'default': '0x00'}[0m
[36m[info]   :[0m evaluating candidate: {(@[0x080e3f54,1] = @[0x080e3f56,1]), (0x000000::@[0x080e3f56,1] <> ebp<32>), (ebp<32> = ebx<32>)}[0m
[36m[info]   :[0m counter-example: {'ebp': '0xffffffbe', 'ebx': '0xffffffbe', '0x080e3f50': '0x75', '0x080e3f51': '0xf5', '0x080e3f52': '0x7f', '0x080e3f54': '0x41', '0x080e3f55': '0x8d', '0x080e3f56': '0x41', '0x080e3f57': '0x03', 'default': '0xe2'}[0m
[36m[info]   :[0m evaluating candidate: {(0x000000::@[0x080e3f54,1] <> ebp<32>), (0x000000::@[0x080e3f51,1] = ebp<32>), (ebp<32> = ebx<32>)}[0m
[36m[info]   :[0m counter-example: {'ebp': '0x0000007f', 'ebx': '0x0000007f', '0x080e3f50': '0xff', '0x080e3f52': '0xff', '0x080e3f54': '0xff', '0x080e3f56': '0xff', 'default': '0x7f'}[0m
[36m[info]   :[0m evaluating candidate: {(0x000000::@[0x080e3f54,1] <> ebp<32>), (0x000000::@[0x080e3f50,1] = ebp<32>), (ebp<32> = ebx<32>)}[0m
[36m[info]   :[0m counter-example: {'ebp': '0x000000ff', 'ebx': '0x000000ff', '0x080e3f50': '0xff', '0x080e3f51': '0xff', '0x080e3f52': '0xff', '0x080e3f53': '0x03', '0x080e3f54': '0x01', '0x080e3f55': '0x00', '0x080e3f56': '0x00', 'default': '0x04'}[0m
[36m[info]   :[0m evaluating candidate: {(@[0x080e3f52,1] <> @[0x080e3f53,1]), (@[0x080e3f53,1] = @[0x080e3f56,1]), (@[0x080e3f55,1] <> @[0x080e3f53,1])}[0m
[36m[info]   :[0m counter-example: {'ebp': '0x00000000', 'ebx': '0x00000000', '0x080e3f50': '0x00', '0x080e3f51': '0x00', '0x080e3f52': '0x00', '0x080e3f54': '0x00', '0x080e3f55': '0x80', 'default': '0x08'}[0m
[36m[info]   :[0m evaluating candidate: {(@[0x080e3f54,1] <> @[0x080e3f53,1]), (@[0x080e3f55,1] <> @[0x080e3f53,1]), (@[0x080e3f53,1] = @[0x080e3f51,1])}[0m
[36m[info]   :[0m counter-example: {'ebp': '0x00000000', 'ebx': '0x00000000', '0x080e3f51': '0x80', '0x080e3f53': '0x80', '0x080e3f56': '0x80', 'default': '0x00'}[0m
[36m[info]   :[0m evaluating candidate: {(@[0x080e3f53,1] <> @[0x080e3f56,1]), (@[0x080e3f55,1] <> @[0x080e3f53,1]), (@[0x080e3f52,1] = @[0x080e3f53,1])}[0m
[36m[info]   :[0m counter-example: {'ebp': '0x00000000', 'ebx': '0x00000000', '0x080e3f50': '0x00', '0x080e3f51': '0x80', '0x080e3f54': '0x00', '0x080e3f55': '0x80', '0x080e3f56': '0x80', 'default': '0x0f'}[0m
[36m[info]   :[0m evaluating candidate: {(@[0x080e3f55,1] = @[0x080e3f54,1]), (@[0x080e3f55,1] <> @[0x080e3f53,1]), (@[0x080e3f52,1] = @[0x080e3f53,1])}[0m
[36m[info]   :[0m counter-example: {'ebp': '0x00000000', 'ebx': '0x00000000', '0x080e3f50': '0xfa', '0x080e3f51': '0xfa', '0x080e3f54': '0xfa', '0x080e3f55': '0xfa', 'default': '0x7a'}[0m
[36m[info]   :[0m evaluating candidate: {(@[0x080e3f53,1] = @[0x080e3f50,1]), (@[0x080e3f52,1] <> @[0x080e3f56,1]), (@[0x080e3f55,1] <> @[0x080e3f53,1])}[0m
[36m[info]   :[0m counter-example: {'ebp': '0x00000000', 'ebx': '0x00000000', '0x080e3f51': '0x80', '0x080e3f55': '0x80', '0x080e3f56': '0x81', 'default': '0x00'}[0m
[36m[info]   :[0m evaluating candidate: {(@[0x080e3f53,1] = @[0x080e3f50,1]), (@[0x080e3f54,1] <> @[0x080e3f53,1]), (@[0x080e3f52,1] <> @[0x080e3f54,1])}[0m
[36m[info]   :[0m counter-example: {'ebp': '0x00000000', 'ebx': '0x00000000', '0x080e3f50': '0x80', '0x080e3f52': '0x40', '0x080e3f53': '0x80', '0x080e3f56': '0x80', 'default': '0x00'}[0m
[36m[info]   :[0m evaluating candidate: {(@[0x080e3f55,1] = @[0x080e3f52,1]), (@[0x080e3f52,1] <> @[0x080e3f54,1]), (0x000000::@[0x080e3f55,1] = ebp<32>)}[0m
[36m[info]   :[0m counter-example: {'ebp': '0x000000df', 'ebx': '0x00000000', '0x080e3f51': '0xdf', '0x080e3f52': '0xdf', '0x080e3f55': '0xdf', '0x080e3f56': '0xdf', 'default': '0x5f'}[0m
[36m[info]   :[0m evaluating candidate: {(0x000000::@[0x080e3f55,1] = ebx<32>), (@[0x080e3f55,1] = @[0x080e3f52,1]), (@[0x080e3f52,1] <> @[0x080e3f54,1])}[0m
[36m[info]   :[0m counter-example: {'ebp': '0x00000000', 'ebx': '0x000000df', '0x080e3f51': '0xdf', '0x080e3f52': '0xdf', '0x080e3f55': '0xdf', '0x080e3f56': '0xdf', 'default': '0x5f'}[0m
[36m[info]   :[0m evaluating candidate: {(@[0x080e3f55,1] = @[0x080e3f52,1]), (@[0x080e3f52,1] <> @[0x080e3f54,1]), (@[0x080e3f55,1] = @[0x080e3f50,1])}[0m
[36m[info]   :[0m counter-example: {'ebp': '0x00000000', 'ebx': '0x00000000', '0x080e3f50': '0x08', '0x080e3f52': '0x08', '0x080e3f53': '0x80', '0x080e3f55': '0x08', '0x080e3f56': '0x08', 'default': '0x00'}[0m
[36m[info]   :[0m evaluating candidate: {(@[0x080e3f55,1] = @[0x080e3f52,1]), (@[0x080e3f52,1] <> @[0x080e3f54,1]), (@[0x080e3f55,1] <> @[0x080e3f56,1])}[0m
[36m[info]   :[0m counter-example: {'ebp': '0x00000000', 'ebx': '0x00000000', '0x080e3f50': '0xd8', '0x080e3f51': '0xff', '0x080e3f52': '0x8c', '0x080e3f53': '0x04', '0x080e3f54': '0x98', '0x080e3f55': '0x8c', '0x080e3f56': '0x80', 'default': '0x0c'}[0m
[36m[info]   :[0m evaluating candidate: {(@[0x080e3f55,1] = @[0x080e3f52,1]), (@[0x080e3f54,1] = @[0x080e3f56,1]), (@[0x080e3f52,1] <> @[0x080e3f54,1])}[0m
[36m[info]   :[0m counter-example: {'ebp': '0x00000000', 'ebx': '0x00000000', '0x080e3f50': '0x00', '0x080e3f51': '0xff', '0x080e3f52': '0xff', '0x080e3f53': '0x80', '0x080e3f54': '0x00', '0x080e3f55': '0xff', '0x080e3f56': '0x00', 'default': '0x01'}[0m
[36m[info]   :[0m evaluating candidate: {(@[0x080e3f52,1] = @[0x080e3f51,1]), (@[0x080e3f55,1] = @[0x080e3f54,1]), (@[0x080e3f52,1] <> @[0x080e3f54,1])}[0m
[36m[info]   :[0m counter-example: {'ebp': '0x00000000', 'ebx': '0x00000000', '0x080e3f50': '0xff', '0x080e3f51': '0xeb', '0x080e3f52': '0xeb', '0x080e3f54': '0x01', '0x080e3f55': '0x01', '0x080e3f56': '0xf0', 'default': '0x00'}[0m
[36m[info]   :[0m evaluating candidate: {(0x000000::@[0x080e3f52,1] = ebp<32>), (@[0x080e3f55,1] = @[0x080e3f54,1]), (@[0x080e3f52,1] <> @[0x080e3f54,1])}[0m
[36m[info]   :[0m counter-example: {'ebp': '0x000000df', 'ebx': '0x00000000', '0x080e3f52': '0xdf', '0x080e3f56': '0xdf', 'default': '0x5f'}[0m
[36m[info]   :[0m evaluating candidate: {(0x000000::@[0x080e3f52,1] = ebx<32>), (@[0x080e3f55,1] = @[0x080e3f54,1]), (@[0x080e3f52,1] <> @[0x080e3f54,1])}[0m
[36m[info]   :[0m counter-example: {'ebp': '0x00000000', 'ebx': '0x000000df', '0x080e3f52': '0xdf', '0x080e3f56': '0xdf', 'default': '0x5f'}[0m
[36m[info]   :[0m evaluating candidate: {(@[0x080e3f52,1] = @[0x080e3f50,1]), (@[0x080e3f55,1] = @[0x080e3f54,1]), (@[0x080e3f52,1] <> @[0x080e3f54,1])}[0m
[36m[info]   :[0m counter-example: {'ebp': '0x00000000', 'ebx': '0x00000000', '0x080e3f50': '0x9e', '0x080e3f51': '0x01', '0x080e3f52': '0x9e', '0x080e3f53': '0x80', '0x080e3f54': '0x02', '0x080e3f55': '0x02', '0x080e3f56': '0xbe', 'default': '0x00'}[0m
[36m[info]   :[0m evaluating candidate: {(@[0x080e3f52,1] = @[0x080e3f53,1]), (@[0x080e3f52,1] <> @[0x080e3f54,1]), (0x000000::@[0x080e3f55,1] = ebp<32>)}[0m
[36m[info]   :[0m counter-example: {'ebp': '0x00000019', 'ebx': '0x00000000', '0x080e3f50': '0x00', '0x080e3f51': '0x19', '0x080e3f54': '0x00', '0x080e3f55': '0x19', 'default': '0x40'}[0m
[36m[info]   :[0m evaluating candidate: {(0x000000::@[0x080e3f55,1] = ebx<32>), (@[0x080e3f52,1] <> @[0x080e3f54,1]), (@[0x080e3f52,1] = @[0x080e3f53,1])}[0m
[36m[info]   :[0m counter-example: {'ebp': '0x00000000', 'ebx': '0x000000ff', '0x080e3f50': '0xfa', '0x080e3f51': '0xff', '0x080e3f54': '0xfa', '0x080e3f55': '0xff', 'default': '0x7a'}[0m
[36m[info]   :[0m evaluating candidate: {(@[0x080e3f52,1] = @[0x080e3f51,1]), (@[0x080e3f52,1] <> @[0x080e3f54,1]), (@[0x080e3f55,1] = @[0x080e3f50,1])}[0m
[36m[info]   :[0m counter-example: {'ebp': '0x00000000', 'ebx': '0x00000000', '0x080e3f51': '0x80', '0x080e3f52': '0x80', '0x080e3f53': '0x80', '0x080e3f56': '0x88', 'default': '0x00'}[0m
[36m[info]   :[0m evaluating candidate: {(@[0x080e3f52,1] <> @[0x080e3f54,1]), (@[0x080e3f51,1] = @[0x080e3f56,1]), (@[0x080e3f55,1] <> @[0x080e3f56,1])}[0m
[36m[info]   :[0m counter-example: {'ebp': '0x00000000', 'ebx': '0x00000000', '0x080e3f54': '0x81', '0x080e3f55': '0x28', 'default': '0x00'}[0m
[36m[info]   :[0m evaluating candidate: {(@[0x080e3f54,1] = @[0x080e3f56,1]), (0x000000::@[0x080e3f52,1] = ebp<32>), (@[0x080e3f52,1] <> @[0x080e3f54,1])}[0m
[36m[info]   :[0m counter-example: {'ebp': '0x0000005f', 'ebx': '0x00000000', '0x080e3f50': '0x00', '0x080e3f51': '0x00', '0x080e3f52': '0x5f', '0x080e3f53': '0x00', '0x080e3f54': '0x00', '0x080e3f55': '0x00', '0x080e3f56': '0x00', 'default': '0x01'}[0m
[36m[info]   :[0m evaluating candidate: {(@[0x080e3f54,1] = @[0x080e3f56,1]), (@[0x080e3f52,1] <> @[0x080e3f54,1]), (@[0x080e3f52,1] = @[0x080e3f53,1])}[0m
[36m[info]   :[0m counter-example: {'ebp': '0x00000000', 'ebx': '0x00000000', '0x080e3f50': '0xf0', '0x080e3f51': '0xff', '0x080e3f54': '0x10', '0x080e3f55': '0x00', '0x080e3f56': '0x10', 'default': '0x0f'}[0m
[36m[info]   :[0m evaluating candidate: {(0x000000::@[0x080e3f52,1] = ebx<32>), (@[0x080e3f54,1] = @[0x080e3f56,1]), (@[0x080e3f52,1] <> @[0x080e3f54,1])}[0m
[36m[info]   :[0m counter-example: {'ebp': '0x00000000', 'ebx': '0x0000005f', '0x080e3f50': '0x00', '0x080e3f51': '0x00', '0x080e3f52': '0x5f', '0x080e3f53': '0x00', '0x080e3f54': '0x00', '0x080e3f55': '0x00', '0x080e3f56': '0x00', 'default': '0x01'}[0m
[36m[info]   :[0m evaluating candidate: {(@[0x080e3f54,1] = @[0x080e3f56,1]), (@[0x080e3f52,1] = @[0x080e3f50,1]), (@[0x080e3f52,1] <> @[0x080e3f54,1])}[0m
[36m[info]   :[0m counter-example: {'ebp': '0x00000000', 'ebx': '0x00000000', '0x080e3f50': '0x08', '0x080e3f51': '0x08', '0x080e3f52': '0x08', '0x080e3f54': '0x28', '0x080e3f55': '0x68', '0x080e3f56': '0x28', 'default': '0x00'}[0m
[36m[info]   :[0m evaluating candidate: {(0x000000::@[0x080e3f52,1] <> ebp<32>), (@[0x080e3f52,1] = @[0x080e3f54,1]), (0x000000::@[0x080e3f56,1] = ebp<32>)}[0m
[36m[info]   :[0m counter-example: {'ebp': '0x00000080', 'ebx': '0x00000000', '0x080e3f50': '0x00', '0x080e3f51': '0xff', '0x080e3f52': '0x00', '0x080e3f53': '0x3f', '0x080e3f54': '0x00', '0x080e3f55': '0x3f', '0x080e3f56': '0x80', 'default': '0x40'}[0m
[36m[info]   :[0m evaluating candidate: {(0x000000::@[0x080e3f52,1] <> ebp<32>), (0x000000::@[0x080e3f56,1] = ebp<32>), (@[0x080e3f52,1] = @[0x080e3f53,1])}[0m
[36m[info]   :[0m counter-example: {'ebp': '0x00000080', 'ebx': '0x00000000', '0x080e3f50': '0x1b', '0x080e3f54': '0x67', '0x080e3f55': '0x01', '0x080e3f56': '0x80', 'default': '0x00'}[0m
[36m[info]   :[0m evaluating candidate: {(@[0x080e3f55,1] = @[0x080e3f53,1]), (@[0x080e3f52,1] = @[0x080e3f51,1]), (@[0x080e3f52,1] <> @[0x080e3f53,1])}[0m
[36m[info]   :[0m counter-example: {'ebp': '0x00000000', 'ebx': '0x00000000', '0x080e3f50': '0x01', '0x080e3f51': '0x20', '0x080e3f52': '0x20', '0x080e3f54': '0x12', '0x080e3f56': '0xb8', 'default': '0x00'}[0m
[36m[info]   :[0m evaluating candidate: {(0x000000::@[0x080e3f52,1] <> ebx<32>), (@[0x080e3f52,1] = @[0x080e3f54,1]), (0x000000::@[0x080e3f56,1] = ebx<32>)}[0m
[36m[info]   :[0m counter-example: {'ebp': '0x00000000', 'ebx': '0x00000080', '0x080e3f50': '0x00', '0x080e3f51': '0xff', '0x080e3f52': '0x00', '0x080e3f53': '0x3f', '0x080e3f54': '0x00', '0x080e3f55': '0x3f', '0x080e3f56': '0x80', 'default': '0x40'}[0m
[36m[info]   :[0m evaluating candidate: {(0x000000::@[0x080e3f52,1] <> ebx<32>), (0x000000::@[0x080e3f56,1] = ebx<32>), (@[0x080e3f52,1] = @[0x080e3f53,1])}[0m
[36m[info]   :[0m counter-example: {'ebp': '0x00000000', 'ebx': '0x00000080', '0x080e3f50': '0x1b', '0x080e3f54': '0x67', '0x080e3f55': '0x01', '0x080e3f56': '0x80', 'default': '0x00'}[0m
[36m[info]   :[0m evaluating candidate: {(@[0x080e3f52,1] = @[0x080e3f54,1]), (@[0x080e3f56,1] = @[0x080e3f50,1]), (@[0x080e3f52,1] <> @[0x080e3f50,1])}[0m
[36m[info]   :[0m counter-example: {'ebp': '0x00000000', 'ebx': '0x00000000', '0x080e3f50': '0xf8', '0x080e3f51': '0xff', '0x080e3f52': '0x07', '0x080e3f54': '0x07', '0x080e3f56': '0xf8', 'default': '0x00'}[0m
[36m[info]   :[0m evaluating candidate: {(@[0x080e3f52,1] = @[0x080e3f53,1]), (@[0x080e3f56,1] = @[0x080e3f50,1]), (@[0x080e3f52,1] <> @[0x080e3f50,1])}[0m
[36m[info]   :[0m counter-example: {'ebp': '0x00000000', 'ebx': '0x00000000', '0x080e3f50': '0xfc', '0x080e3f51': '0x53', '0x080e3f54': '0x7a', '0x080e3f55': '0xd4', '0x080e3f56': '0xfc', 'default': '0x2d'}[0m
[36m[info]   :[0m evaluating candidate: {(@[0x080e3f55,1] = @[0x080e3f53,1]), (@[0x080e3f54,1] <> @[0x080e3f53,1]), (@[0x080e3f55,1] = @[0x080e3f50,1])}[0m
[36m[info]   :[0m counter-example: {'ebp': '0x00000000', 'ebx': '0x00000000', '0x080e3f50': '0x93', '0x080e3f51': '0xe0', '0x080e3f52': '0x01', '0x080e3f53': '0x93', '0x080e3f54': '0x88', '0x080e3f55': '0x93', '0x080e3f56': '0x02', 'default': '0x13'}[0m
[36m[info]   :[0m evaluating candidate: {(0x000000::@[0x080e3f53,1] = ebp<32>), (@[0x080e3f54,1] <> @[0x080e3f53,1]), (@[0x080e3f55,1] = @[0x080e3f50,1])}[0m
[36m[info]   :[0m counter-example: {'ebp': '0x00000089', 'ebx': '0x00000000', '0x080e3f50': '0x0f', '0x080e3f51': '0xff', '0x080e3f52': '0xff', '0x080e3f53': '0x89', '0x080e3f54': '0x09', '0x080e3f55': '0x0f', '0x080e3f56': '0x00', 'default': '0x40'}[0m
[36m[info]   :[0m evaluating candidate: {(0x000000::@[0x080e3f53,1] = ebx<32>), (@[0x080e3f54,1] <> @[0x080e3f53,1]), (@[0x080e3f55,1] = @[0x080e3f50,1])}[0m
[36m[info]   :[0m counter-example: {'ebp': '0x00000000', 'ebx': '0x00000089', '0x080e3f50': '0x0f', '0x080e3f51': '0xff', '0x080e3f52': '0xff', '0x080e3f53': '0x89', '0x080e3f54': '0x09', '0x080e3f55': '0x0f', '0x080e3f56': '0x00', 'default': '0x40'}[0m
[36m[info]   :[0m evaluating candidate: {(@[0x080e3f55,1] = @[0x080e3f53,1]), (@[0x080e3f54,1] = @[0x080e3f51,1]), (@[0x080e3f54,1] <> @[0x080e3f53,1])}[0m
[36m[info]   :[0m counter-example: {'ebp': '0x00000000', 'ebx': '0x00000000', '0x080e3f50': '0xff', '0x080e3f51': '0x03', '0x080e3f52': '0x00', '0x080e3f54': '0x03', '0x080e3f56': '0x00', 'default': '0x04'}[0m
[36m[info]   :[0m evaluating candidate: {(0x000000::@[0x080e3f56,1] = ebx<32>), (@[0x080e3f54,1] <> @[0x080e3f56,1]), (0x000000::@[0x080e3f55,1] = ebp<32>)}[0m
[36m[info]   :[0m counter-example: {'ebp': '0x00000040', 'ebx': '0x00000080', '0x080e3f50': '0x00', '0x080e3f51': '0x40', '0x080e3f52': '0x80', '0x080e3f54': '0x00', '0x080e3f55': '0x40', '0x080e3f56': '0x80', 'default': '0x7f'}[0m
[36m[info]   :[0m evaluating candidate: {(0x000000::@[0x080e3f55,1] = ebx<32>), (0x000000::@[0x080e3f56,1] = ebp<32>), (@[0x080e3f54,1] <> @[0x080e3f56,1])}[0m
[36m[info]   :[0m counter-example: {'ebp': '0x00000080', 'ebx': '0x00000040', '0x080e3f50': '0x00', '0x080e3f51': '0x40', '0x080e3f52': '0x80', '0x080e3f54': '0x00', '0x080e3f55': '0x40', '0x080e3f56': '0x80', 'default': '0x7f'}[0m
[36m[info]   :[0m evaluating candidate: {(@[0x080e3f52,1] = @[0x080e3f54,1]), (@[0x080e3f55,1] = @[0x080e3f56,1]), (@[0x080e3f54,1] <> @[0x080e3f56,1])}[0m
[36m[info]   :[0m counter-example: {'ebp': '0x00000000', 'ebx': '0x00000000', '0x080e3f51': '0xf8', '0x080e3f53': '0x80', '0x080e3f55': '0x08', '0x080e3f56': '0x08', 'default': '0x00'}[0m
[36m[info]   :[0m evaluating candidate: {(@[0x080e3f56,1] = @[0x080e3f50,1]), (@[0x080e3f54,1] <> @[0x080e3f56,1]), (ebp<32> <> ebx<32>)}[0m
[36m[info]   :[0m counter-example: {'ebp': '0xffffffff', 'ebx': '0x00000000', '0x080e3f50': '0x02', '0x080e3f51': '0x00', '0x080e3f52': '0xfe', '0x080e3f54': '0x00', '0x080e3f55': '0x00', '0x080e3f56': '0x02', '0x080e3f57': '0x04', 'default': '0x03'}[0m
[36m[info]   :[0m evaluating candidate: {(@[0x080e3f55,1] = @[0x080e3f53,1]), (0x000000::@[0x080e3f51,1] = ebp<32>), (0x000000::@[0x080e3f53,1] <> ebp<32>)}[0m
[36m[info]   :[0m counter-example: {'ebp': '0x00000000', 'ebx': '0x00000000', '0x080e3f50': '0x00', '0x080e3f51': '0x00', '0x080e3f52': '0x00', '0x080e3f54': '0x00', '0x080e3f56': '0x00', 'default': '0x02'}[0m
[36m[info]   :[0m evaluating candidate: {(@[0x080e3f55,1] = @[0x080e3f52,1]), (@[0x080e3f53,1] <> @[0x080e3f51,1]), (@[0x080e3f53,1] = @[0x080e3f56,1])}[0m
[36m[info]   :[0m counter-example: {'ebp': '0x00000000', 'ebx': '0x00000000', '0x080e3f50': '0x0b', '0x080e3f51': '0x3b', '0x080e3f52': '0xfc', '0x080e3f53': '0xbb', '0x080e3f54': '0x00', '0x080e3f55': '0xfc', '0x080e3f56': '0xbb', 'default': '0xc0'}[0m
[36m[info]   :[0m evaluating candidate: {(@[0x080e3f55,1] = @[0x080e3f53,1]), (@[0x080e3f53,1] <> @[0x080e3f51,1]), (@[0x080e3f55,1] = @[0x080e3f56,1])}[0m
[36m[info]   :[0m counter-example: {'ebp': '0x00000000', 'ebx': '0x00000000', '0x080e3f50': '0xf6', '0x080e3f51': '0xf9', '0x080e3f52': '0x8f', '0x080e3f53': '0x90', '0x080e3f54': '0xb6', '0x080e3f55': '0x90', '0x080e3f56': '0x90', 'default': '0x10'}[0m
[36m[info]   :[0m evaluating candidate: {(@[0x080e3f51,1] = @[0x080e3f50,1]), (@[0x080e3f53,1] <> @[0x080e3f51,1]), (@[0x080e3f54,1] = @[0x080e3f53,1])}[0m
[36m[info]   :[0m counter-example: {'ebp': '0x00000000', 'ebx': '0x00000000', '0x080e3f50': '0x01', '0x080e3f51': '0x01', '0x080e3f52': '0x00', '0x080e3f53': '0x83', '0x080e3f54': '0x83', '0x080e3f55': '0x01', '0x080e3f56': '0x00', 'default': '0x03'}[0m
[36m[info]   :[0m evaluating candidate: {(@[0x080e3f54,1] = @[0x080e3f53,1]), (@[0x080e3f56,1] = @[0x080e3f50,1]), (@[0x080e3f53,1] <> @[0x080e3f51,1])}[0m
[36m[info]   :[0m counter-example: {'ebp': '0x00000000', 'ebx': '0x00000000', '0x080e3f51': '0xae', '0x080e3f55': '0xae', 'default': '0x2e'}[0m
[36m[info]   :[0m evaluating candidate: {(@[0x080e3f54,1] <> @[0x080e3f51,1]), (@[0x080e3f55,1] = @[0x080e3f52,1]), (@[0x080e3f51,1] = @[0x080e3f50,1])}[0m
[36m[info]   :[0m counter-example: {'ebp': '0x00000000', 'ebx': '0x00000000', '0x080e3f50': '0xef', '0x080e3f51': '0xef', '0x080e3f52': '0xf0', '0x080e3f54': '0x01', '0x080e3f55': '0xf0', '0x080e3f56': '0xf0', 'default': '0x00'}[0m
[36m[info]   :[0m evaluating candidate: {(@[0x080e3f55,1] = @[0x080e3f52,1]), (ebp<32> <> ebx<32>), (@[0x080e3f55,1] <> @[0x080e3f56,1])}[0m
[36m[info]   :[0m counter-example: {'ebp': '0xffffffff', 'ebx': '0x00000000', '0x080e3f56': '0x10', 'default': '0x00'}[0m
[36m[info]   :[0m evaluating candidate: {(@[0x080e3f55,1] = @[0x080e3f52,1]), (@[0x080e3f54,1] = @[0x080e3f56,1]), (@[0x080e3f52,1] <> @[0x080e3f51,1])}[0m
[36m[info]   :[0m counter-example: {'ebp': '0x00000000', 'ebx': '0x00000000', '0x080e3f50': '0xc0', '0x080e3f51': '0xff', '0x080e3f52': '0x3f', '0x080e3f53': '0x80', '0x080e3f54': '0x40', '0x080e3f55': '0x3f', '0x080e3f56': '0x40', 'default': '0x00'}[0m
[36m[info]   :[0m evaluating candidate: {(@[0x080e3f55,1] = @[0x080e3f52,1]), (0x000000::@[0x080e3f56,1] = ebp<32>), (@[0x080e3f52,1] <> @[0x080e3f51,1])}[0m
[36m[info]   :[0m counter-example: {'ebp': '0x00000002', 'ebx': '0x00000000', '0x080e3f52': '0x02', '0x080e3f55': '0x02', '0x080e3f56': '0x02', 'default': '0x00'}[0m
[36m[info]   :[0m evaluating candidate: {(@[0x080e3f55,1] = @[0x080e3f52,1]), (0x000000::@[0x080e3f56,1] = ebx<32>), (@[0x080e3f52,1] <> @[0x080e3f51,1])}[0m
[36m[info]   :[0m counter-example: {'ebp': '0x00000000', 'ebx': '0x00000002', '0x080e3f52': '0x02', '0x080e3f55': '0x02', '0x080e3f56': '0x02', 'default': '0x00'}[0m
[36m[info]   :[0m evaluating candidate: {(@[0x080e3f55,1] = @[0x080e3f52,1]), (0x000000::@[0x080e3f54,1] <> ebp<32>), (@[0x080e3f53,1] = @[0x080e3f56,1])}[0m
[36m[info]   :[0m counter-example: {'ebp': '0xffffff7f', 'ebx': '0x00000000', '0x080e3f50': '0x80', '0x080e3f54': '0x80', 'default': '0x5f'}[0m
[36m[info]   :[0m evaluating candidate: {(@[0x080e3f54,1] <> @[0x080e3f51,1]), (@[0x080e3f55,1] = @[0x080e3f56,1]), (@[0x080e3f55,1] = @[0x080e3f54,1])}[0m
[36m[info]   :[0m counter-example: {'ebp': '0x00000000', 'ebx': '0x00000000', '0x080e3f50': '0xff', '0x080e3f51': '0xff', '0x080e3f52': '0x1f', '0x080e3f54': '0x41', '0x080e3f55': '0x41', '0x080e3f56': '0x41', 'default': '0x00'}[0m
[36m[info]   :[0m evaluating candidate: {(0x000000::@[0x080e3f55,1] <> ebp<32>), (0x000000::@[0x080e3f51,1] = ebp<32>), (@[0x080e3f55,1] = @[0x080e3f54,1])}[0m
[36m[info]   :[0m counter-example: {'ebp': '0x00000080', 'ebx': '0x00000000', '0x080e3f51': '0x80', '0x080e3f56': '0x80', 'default': '0x00'}[0m
[36m[info]   :[0m evaluating candidate: {(0x000000::@[0x080e3f51,1] = ebx<32>), (@[0x080e3f55,1] = @[0x080e3f54,1]), (0x000000::@[0x080e3f55,1] <> ebx<32>)}[0m
[36m[info]   :[0m counter-example: {'ebp': '0x00000000', 'ebx': '0x00000080', '0x080e3f51': '0x80', '0x080e3f56': '0x80', 'default': '0x00'}[0m
[36m[info]   :[0m evaluating candidate: {(@[0x080e3f54,1] <> @[0x080e3f51,1]), (@[0x080e3f56,1] = @[0x080e3f50,1]), (@[0x080e3f55,1] = @[0x080e3f54,1])}[0m
[36m[info]   :[0m counter-example: {'ebp': '0x00000000', 'ebx': '0x00000000', '0x080e3f50': '0x90', '0x080e3f51': '0xff', '0x080e3f52': '0x8f', '0x080e3f53': '0x80', '0x080e3f54': '0x80', '0x080e3f55': '0x80', '0x080e3f56': '0x90', 'default': '0x00'}[0m
[36m[info]   :[0m evaluating candidate: {(@[0x080e3f55,1] <> @[0x080e3f54,1]), (@[0x080e3f55,1] = @[0x080e3f50,1]), (0x000000::@[0x080e3f55,1] = ebp<32>)}[0m
[36m[info]   :[0m counter-example: {'ebp': '0x00000008', 'ebx': '0x00000000', '0x080e3f50': '0x08', '0x080e3f55': '0x08', 'default': '0x00'}[0m
[36m[info]   :[0m evaluating candidate: {(0x000000::@[0x080e3f55,1] = ebx<32>), (@[0x080e3f55,1] <> @[0x080e3f54,1]), (@[0x080e3f55,1] = @[0x080e3f50,1])}[0m
[36m[info]   :[0m counter-example: {'ebp': '0x00000000', 'ebx': '0x00000008', '0x080e3f50': '0x08', '0x080e3f55': '0x08', 'default': '0x00'}[0m
[36m[info]   :[0m evaluating candidate: {(@[0x080e3f54,1] <> @[0x080e3f51,1]), (@[0x080e3f55,1] = @[0x080e3f56,1]), (@[0x080e3f55,1] = @[0x080e3f50,1])}[0m
[36m[info]   :[0m counter-example: {'ebp': '0x00000000', 'ebx': '0x00000000', '0x080e3f50': '0x00', '0x080e3f51': '0x73', '0x080e3f52': '0xff', '0x080e3f53': '0x09', '0x080e3f54': '0xf3', '0x080e3f55': '0x00', '0x080e3f56': '0x00', 'default': '0x47'}[0m
[36m[info]   :[0m evaluating candidate: {(@[0x080e3f51,1] <> @[0x080e3f56,1]), (@[0x080e3f55,1] = @[0x080e3f56,1]), (@[0x080e3f52,1] = @[0x080e3f53,1])}[0m
[36m[info]   :[0m counter-example: {'ebp': '0x00000000', 'ebx': '0x00000000', '0x080e3f50': '0xfe', '0x080e3f51': '0xfb', '0x080e3f52': '0x8f', '0x080e3f53': '0x8f', '0x080e3f54': '0x32', '0x080e3f55': '0x94', '0x080e3f56': '0x94', 'default': '0x0f'}[0m
[36m[info]   :[0m evaluating candidate: {(@[0x080e3f54,1] <> @[0x080e3f51,1]), (@[0x080e3f54,1] = @[0x080e3f56,1]), (@[0x080e3f55,1] = @[0x080e3f50,1])}[0m
[36m[info]   :[0m counter-example: {'ebp': '0x00000000', 'ebx': '0x00000000', '0x080e3f50': '0x81', '0x080e3f51': '0x00', '0x080e3f52': '0xff', '0x080e3f53': '0x14', '0x080e3f54': '0x80', '0x080e3f55': '0x81', '0x080e3f56': '0x80', 'default': '0x1c'}[0m
[36m[info]   :[0m evaluating candidate: {(@[0x080e3f55,1] = @[0x080e3f53,1]), (0x000000::@[0x080e3f54,1] <> ebp<32>), (0x000000::@[0x080e3f50,1] = ebp<32>)}[0m
[36m[info]   :[0m counter-example: {'ebp': '0x00000080', 'ebx': '0x00000000', '0x080e3f50': '0x80', '0x080e3f51': '0x80', '0x080e3f52': '0x00', '0x080e3f53': '0x82', '0x080e3f54': '0x00', '0x080e3f55': '0x82', '0x080e3f56': '0x00', 'default': '0x02'}[0m
[36m[info]   :[0m evaluating candidate: {(@[0x080e3f55,1] = @[0x080e3f53,1]), (0x000000::@[0x080e3f54,1] <> ebx<32>), (0x000000::@[0x080e3f50,1] = ebx<32>)}[0m
[36m[info]   :[0m counter-example: {'ebp': '0x00000000', 'ebx': '0x00000080', '0x080e3f50': '0x80', '0x080e3f51': '0x80', '0x080e3f52': '0x00', '0x080e3f53': '0x82', '0x080e3f54': '0x00', '0x080e3f55': '0x82', '0x080e3f56': '0x00', 'default': '0x02'}[0m
[36m[info]   :[0m evaluating candidate: {(@[0x080e3f54,1] <> @[0x080e3f51,1]), (@[0x080e3f56,1] = @[0x080e3f50,1]), (ebp<32> <> ebx<32>)}[0m
[36m[info]   :[0m counter-example: {'ebp': '0xffffffff', 'ebx': '0x00000000', '0x080e3f50': '0x00', '0x080e3f51': '0x80', '0x080e3f52': '0x00', '0x080e3f54': '0x00', '0x080e3f55': '0x80', '0x080e3f56': '0x00', 'default': '0x1e'}[0m
[36m[info]   :[0m evaluating candidate: {(@[0x080e3f52,1] = @[0x080e3f56,1]), (@[0x080e3f52,1] = @[0x080e3f50,1]), (@[0x080e3f52,1] <> @[0x080e3f54,1]), (@[0x080e3f55,1] = @[0x080e3f51,1])}[0m
[36m[info]   :[0m counter-example: {'ebp': '0x00000000', 'ebx': '0x00000000', '0x080e3f50': '0x03', '0x080e3f51': '0x00', '0x080e3f52': '0x03', '0x080e3f53': '0x08', '0x080e3f54': '0x05', '0x080e3f55': '0x00', '0x080e3f56': '0x03', 'default': '0x10'}[0m
[36m[info]   :[0m evaluating candidate: {(0x000000::@[0x080e3f54,1] <> ebp<32>), (0x000000::@[0x080e3f50,1] = ebp<32>), (@[0x080e3f55,1] = @[0x080e3f51,1]), (ebp<32> = ebx<32>)}[0m
[36m[info]   :[0m counter-example: {'ebp': '0x00000080', 'ebx': '0x00000080', '0x080e3f50': '0x80', '0x080e3f51': '0xe0', '0x080e3f52': '0x01', '0x080e3f55': '0xe0', '0x080e3f56': '0x02', 'default': '0x00'}[0m
[36m[info]   :[0m evaluating candidate: {(@[0x080e3f55,1] = @[0x080e3f52,1]), (@[0x080e3f53,1] = @[0x080e3f56,1]), (@[0x080e3f55,1] = @[0x080e3f51,1]), (@[0x080e3f55,1] <> @[0x080e3f53,1])}[0m
[36m[info]   :[0m counter-example: {'ebp': '0x00000000', 'ebx': '0x00000000', '0x080e3f53': '0x80', '0x080e3f54': '0x01', '0x080e3f56': '0x80', 'default': '0x00'}[0m
[36m[info]   :[0m evaluating candidate: {(0x000000::@[0x080e3f53,1] = ebp<32>), (@[0x080e3f55,1] = @[0x080e3f50,1]), (@[0x080e3f55,1] = @[0x080e3f51,1]), (@[0x080e3f55,1] <> @[0x080e3f53,1])}[0m
[36m[info]   :[0m counter-example: {'ebp': '0x0000007b', 'ebx': '0x00000000', '0x080e3f50': '0xfb', '0x080e3f51': '0xfb', '0x080e3f52': '0xff', '0x080e3f54': '0xfb', '0x080e3f55': '0xfb', '0x080e3f56': '0xff', 'default': '0x7b'}[0m
[36m[info]   :[0m evaluating candidate: {(0x000000::@[0x080e3f53,1] = ebx<32>), (@[0x080e3f55,1] = @[0x080e3f50,1]), (@[0x080e3f55,1] = @[0x080e3f51,1]), (@[0x080e3f55,1] <> @[0x080e3f53,1])}[0m
[36m[info]   :[0m counter-example: {'ebp': '0x00000000', 'ebx': '0x0000007b', '0x080e3f50': '0xfb', '0x080e3f51': '0xfb', '0x080e3f52': '0xff', '0x080e3f54': '0xfb', '0x080e3f55': '0xfb', '0x080e3f56': '0xff', 'default': '0x7b'}[0m
[36m[info]   :[0m evaluating candidate: {(0x000000::@[0x080e3f56,1] = ebp<32>), (@[0x080e3f55,1] = @[0x080e3f51,1]), (@[0x080e3f55,1] <> @[0x080e3f53,1]), (@[0x080e3f52,1] = @[0x080e3f53,1])}[0m
[36m[info]   :[0m counter-example: {'ebp': '0x0000007f', 'ebx': '0x00000000', '0x080e3f50': '0x20', '0x080e3f51': '0xff', '0x080e3f54': '0x20', '0x080e3f55': '0xff', 'default': '0x7f'}[0m
[36m[info]   :[0m evaluating candidate: {(0x000000::@[0x080e3f56,1] = ebx<32>), (@[0x080e3f55,1] = @[0x080e3f51,1]), (@[0x080e3f55,1] <> @[0x080e3f53,1]), (@[0x080e3f52,1] = @[0x080e3f53,1])}[0m
[36m[info]   :[0m counter-example: {'ebp': '0x00000000', 'ebx': '0x0000007f', '0x080e3f50': '0x20', '0x080e3f51': '0xff', '0x080e3f54': '0x20', '0x080e3f55': '0xff', 'default': '0x7f'}[0m
[36m[info]   :[0m evaluating candidate: {(@[0x080e3f54,1] <> @[0x080e3f50,1]), (@[0x080e3f55,1] = @[0x080e3f51,1]), (@[0x080e3f55,1] <> @[0x080e3f53,1]), (@[0x080e3f52,1] = @[0x080e3f53,1])}[0m
[36m[info]   :[0m counter-example: {'ebp': '0x00000000', 'ebx': '0x00000000', '0x080e3f50': '0x01', '0x080e3f51': '0x80', '0x080e3f54': '0x03', '0x080e3f55': '0x80', 'default': '0x00'}[0m
[36m[info]   :[0m evaluating candidate: {(0x000000::@[0x080e3f53,1] = ebp<32>), (@[0x080e3f56,1] = @[0x080e3f50,1]), (@[0x080e3f55,1] = @[0x080e3f51,1]), (@[0x080e3f55,1] <> @[0x080e3f53,1])}[0m
[36m[info]   :[0m counter-example: {'ebp': '0x0000007f', 'ebx': '0x00000000', '0x080e3f50': '0xff', '0x080e3f51': '0xff', '0x080e3f52': '0xff', '0x080e3f54': '0xff', '0x080e3f55': '0xff', '0x080e3f56': '0xff', 'default': '0x7f'}[0m
[36m[info]   :[0m evaluating candidate: {(0x000000::@[0x080e3f53,1] = ebx<32>), (@[0x080e3f56,1] = @[0x080e3f50,1]), (@[0x080e3f55,1] = @[0x080e3f51,1]), (@[0x080e3f55,1] <> @[0x080e3f53,1])}[0m
[36m[info]   :[0m counter-example: {'ebp': '0x00000000', 'ebx': '0x0000007f', '0x080e3f50': '0xff', '0x080e3f51': '0xff', '0x080e3f52': '0xff', '0x080e3f54': '0xff', '0x080e3f55': '0xff', '0x080e3f56': '0xff', 'default': '0x7f'}[0m
[36m[info]   :[0m evaluating candidate: {(@[0x080e3f55,1] = @[0x080e3f54,1]), (@[0x080e3f52,1] = @[0x080e3f50,1]), (@[0x080e3f52,1] <> @[0x080e3f54,1]), (@[0x080e3f55,1] = @[0x080e3f51,1])}[0m
[36m[info]   :[0m counter-example: {'ebp': '0x00000000', 'ebx': '0x00000000', '0x080e3f50': '0x5d', '0x080e3f51': '0x5f', '0x080e3f52': '0x5d', '0x080e3f53': '0x80', '0x080e3f54': '0x5f', '0x080e3f55': '0x5f', '0x080e3f56': '0x81', 'default': '0x00'}[0m
[36m[info]   :[0m evaluating candidate: {(@[0x080e3f55,1] = @[0x080e3f56,1]), (@[0x080e3f52,1] <> @[0x080e3f54,1]), (@[0x080e3f55,1] = @[0x080e3f51,1]), (@[0x080e3f52,1] = @[0x080e3f50,1])}[0m
[36m[info]   :[0m counter-example: {'ebp': '0x00000000', 'ebx': '0x00000000', '0x080e3f50': '0x07', '0x080e3f51': '0x07', '0x080e3f52': '0x07', '0x080e3f53': '0x80', '0x080e3f54': '0x09', '0x080e3f55': '0x07', '0x080e3f56': '0x07', 'default': '0x00'}[0m
[36m[info]   :[0m evaluating candidate: {(@[0x080e3f55,1] = @[0x080e3f53,1]), (@[0x080e3f52,1] = @[0x080e3f50,1]), (@[0x080e3f52,1] <> @[0x080e3f54,1]), (@[0x080e3f55,1] = @[0x080e3f51,1])}[0m
[36m[info]   :[0m counter-example: {'ebp': '0x00000000', 'ebx': '0x00000000', '0x080e3f50': '0xb7', '0x080e3f51': '0x7e', '0x080e3f52': '0xb7', '0x080e3f53': '0x7e', '0x080e3f54': '0x1f', '0x080e3f55': '0x7e', '0x080e3f56': '0x20', 'default': '0x7f'}[0m
[36m[info]   :[0m evaluating candidate: {(@[0x080e3f52,1] = @[0x080e3f50,1]), (@[0x080e3f52,1] <> @[0x080e3f54,1]), (@[0x080e3f55,1] = @[0x080e3f51,1]), (@[0x080e3f52,1] = @[0x080e3f53,1])}[0m
[36m[info]   :[0m counter-example: {'ebp': '0x00000000', 'ebx': '0x00000000', '0x080e3f50': '0x65', '0x080e3f51': '0xf7', '0x080e3f52': '0x65', '0x080e3f53': '0x65', '0x080e3f54': '0x01', '0x080e3f55': '0xf7', '0x080e3f56': '0x6e', 'default': '0x66'}[0m
[36m[info]   :[0m evaluating candidate: {(@[0x080e3f54,1] = @[0x080e3f56,1]), (@[0x080e3f52,1] <> @[0x080e3f54,1]), (@[0x080e3f55,1] = @[0x080e3f51,1]), (@[0x080e3f52,1] = @[0x080e3f53,1])}[0m
[36m[info]   :[0m counter-example: {'ebp': '0x00000000', 'ebx': '0x00000000', '0x080e3f50': '0x01', '0x080e3f54': '0x03', '0x080e3f56': '0x03', 'default': '0x00'}[0m
[36m[info]   :[0m evaluating candidate: {(@[0x080e3f56,1] = @[0x080e3f50,1]), (@[0x080e3f52,1] <> @[0x080e3f54,1]), (@[0x080e3f55,1] = @[0x080e3f51,1]), (@[0x080e3f52,1] = @[0x080e3f53,1])}[0m
[36m[info]   :[0m counter-example: {'ebp': '0x00000000', 'ebx': '0x00000000', '0x080e3f50': '0x10', '0x080e3f51': '0x00', '0x080e3f52': '0x00', '0x080e3f53': '0x00', '0x080e3f54': '0x80', '0x080e3f55': '0x00', '0x080e3f56': '0x10', 'default': '0x0c'}[0m
[36m[info]   :[0m evaluating candidate: {(@[0x080e3f54,1] = @[0x080e3f53,1]), (@[0x080e3f52,1] = @[0x080e3f50,1]), (@[0x080e3f52,1] <> @[0x080e3f54,1]), (@[0x080e3f55,1] = @[0x080e3f51,1])}[0m
[36m[info]   :[0m counter-example: {'ebp': '0x00000000', 'ebx': '0x00000000', '0x080e3f50': '0x77', '0x080e3f51': '0xfe', '0x080e3f52': '0x77', '0x080e3f53': '0x24', '0x080e3f54': '0x24', '0x080e3f55': '0xfe', '0x080e3f56': '0x40', 'default': '0x26'}[0m
[36m[info]   :[0m evaluating candidate: {(@[0x080e3f54,1] = @[0x080e3f56,1]), (@[0x080e3f52,1] = @[0x080e3f50,1]), (@[0x080e3f52,1] <> @[0x080e3f54,1]), (@[0x080e3f55,1] = @[0x080e3f51,1])}[0m
[36m[info]   :[0m counter-example: {'ebp': '0x00000000', 'ebx': '0x00000000', '0x080e3f50': '0x32', '0x080e3f51': '0x17', '0x080e3f52': '0x32', '0x080e3f53': '0x00', '0x080e3f54': '0x00', '0x080e3f55': '0x17', '0x080e3f56': '0x00', 'default': '0x01'}[0m
[36m[info]   :[0m evaluating candidate: {(ebp<32> <> ebx<32>), (@[0x080e3f52,1] = @[0x080e3f50,1]), (@[0x080e3f52,1] <> @[0x080e3f54,1]), (@[0x080e3f55,1] = @[0x080e3f51,1])}[0m
[36m[info]   :[0m counter-example: {'ebp': '0xffffffff', 'ebx': '0x00000000', '0x080e3f50': '0xef', '0x080e3f51': '0x80', '0x080e3f52': '0xef', '0x080e3f54': '0x00', '0x080e3f55': '0x80', '0x080e3f56': '0x67', '0x080e3f57': '0x49', 'default': '0xe6'}[0m
[36m[info]   :[0m evaluating candidate: {(0x000000::@[0x080e3f52,1] <> ebp<32>), (0x000000::@[0x080e3f56,1] = ebp<32>), (@[0x080e3f55,1] = @[0x080e3f51,1]), (@[0x080e3f54,1] <> @[0x080e3f56,1])}[0m
[36m[info]   :[0m counter-example: {'ebp': '0x00000080', 'ebx': '0x00000000', '0x080e3f56': '0x80', 'default': '0x00'}[0m
[36m[info]   :[0m evaluating candidate: {(@[0x080e3f52,1] = @[0x080e3f54,1]), (@[0x080e3f52,1] <> @[0x080e3f53,1]), (@[0x080e3f55,1] = @[0x080e3f51,1]), (@[0x080e3f54,1] <> @[0x080e3f56,1])}[0m
[36m[info]   :[0m counter-example: {'ebp': '0x00000000', 'ebx': '0x00000000', '0x080e3f50': '0x00', '0x080e3f51': '0x00', '0x080e3f52': '0x01', '0x080e3f54': '0x01', '0x080e3f55': '0x00', '0x080e3f56': '0x81', 'default': '0x40'}[0m
[36m[info]   :[0m evaluating candidate: {(@[0x080e3f52,1] = @[0x080e3f54,1]), (@[0x080e3f53,1] = @[0x080e3f56,1]), (@[0x080e3f52,1] <> @[0x080e3f53,1]), (@[0x080e3f55,1] = @[0x080e3f51,1])}[0m
[36m[info]   :[0m counter-example: {'ebp': '0x00000000', 'ebx': '0x00000000', '0x080e3f50': '0xff', '0x080e3f51': '0xff', '0x080e3f52': '0x3f', '0x080e3f53': '0xc0', '0x080e3f54': '0x3f', '0x080e3f55': '0xff', '0x080e3f56': '0xc0', 'default': '0x40'}[0m
[36m[info]   :[0m evaluating candidate: {(0x000000::@[0x080e3f52,1] <> ebx<32>), (0x000000::@[0x080e3f56,1] = ebx<32>), (@[0x080e3f55,1] = @[0x080e3f51,1]), (@[0x080e3f54,1] <> @[0x080e3f56,1])}[0m
[36m[info]   :[0m counter-example: {'ebp': '0x00000000', 'ebx': '0x00000080', '0x080e3f56': '0x80', 'default': '0x00'}[0m
[36m[info]   :[0m evaluating candidate: {(@[0x080e3f52,1] = @[0x080e3f54,1]), (@[0x080e3f56,1] = @[0x080e3f50,1]), (@[0x080e3f55,1] = @[0x080e3f51,1]), (@[0x080e3f52,1] <> @[0x080e3f50,1])}[0m
[36m[info]   :[0m counter-example: {'ebp': '0x00000000', 'ebx': '0x00000000', '0x080e3f50': '0xfa', '0x080e3f51': '0x71', '0x080e3f52': '0x08', '0x080e3f54': '0x08', '0x080e3f55': '0x71', '0x080e3f56': '0xfa', 'default': '0x00'}[0m
[36m[info]   :[0m evaluating candidate: {(@[0x080e3f55,1] = @[0x080e3f53,1]), (@[0x080e3f54,1] <> @[0x080e3f53,1]), (@[0x080e3f55,1] = @[0x080e3f51,1]), (@[0x080e3f55,1] = @[0x080e3f50,1])}[0m
[36m[info]   :[0m counter-example: {'ebp': '0x00000000', 'ebx': '0x00000000', '0x080e3f54': '0x40', 'default': '0x00'}[0m
[36m[info]   :[0m evaluating candidate: {(@[0x080e3f52,1] = @[0x080e3f54,1]), (@[0x080e3f55,1] = @[0x080e3f56,1]), (@[0x080e3f55,1] = @[0x080e3f51,1]), (@[0x080e3f54,1] <> @[0x080e3f56,1])}[0m
[36m[info]   :[0m counter-example: {'ebp': '0x00000000', 'ebx': '0x00000000', '0x080e3f51': '0x90', '0x080e3f52': '0x10', '0x080e3f54': '0x10', '0x080e3f55': '0x90', '0x080e3f56': '0x90', 'default': '0x00'}[0m
[36m[info]   :[0m evaluating candidate: {(@[0x080e3f54,1] = @[0x080e3f53,1]), (@[0x080e3f56,1] = @[0x080e3f50,1]), (@[0x080e3f55,1] = @[0x080e3f51,1]), (@[0x080e3f54,1] <> @[0x080e3f56,1])}[0m
[36m[info]   :[0m counter-example: {'ebp': '0x00000000', 'ebx': '0x00000000', '0x080e3f50': '0xf3', '0x080e3f51': '0x69', '0x080e3f52': '0x71', '0x080e3f53': '0x10', '0x080e3f54': '0x10', '0x080e3f55': '0x69', '0x080e3f56': '0xf3', 'default': '0x40'}[0m
[36m[info]   :[0m evaluating candidate: {(@[0x080e3f52,1] = @[0x080e3f50,1]), (@[0x080e3f55,1] = @[0x080e3f56,1]), (@[0x080e3f55,1] = @[0x080e3f51,1]), (@[0x080e3f56,1] <> @[0x080e3f50,1])}[0m
[36m[info]   :[0m counter-example: {'ebp': '0x00000000', 'ebx': '0x00000000', '0x080e3f50': '0x62', '0x080e3f51': '0x63', '0x080e3f52': '0x62', '0x080e3f54': '0x01', '0x080e3f55': '0x63', '0x080e3f56': '0x63', 'default': '0x00'}[0m
[36m[info]   :[0m evaluating candidate: {(@[0x080e3f54,1] = @[0x080e3f56,1]), (@[0x080e3f55,1] = @[0x080e3f50,1]), (@[0x080e3f55,1] = @[0x080e3f51,1]), (@[0x080e3f56,1] <> @[0x080e3f50,1])}[0m
[36m[info]   :[0m counter-example: {'ebp': '0x00000000', 'ebx': '0x00000000', '0x080e3f50': '0xc0', '0x080e3f51': '0xc0', '0x080e3f52': '0xff', '0x080e3f53': '0x00', '0x080e3f54': '0x00', '0x080e3f55': '0xc0', '0x080e3f56': '0x00', 'default': '0x01'}[0m
[36m[info]   :[0m evaluating candidate: {(@[0x080e3f55,1] <> @[0x080e3f54,1]), (ebp<32> <> ebx<32>), (@[0x080e3f55,1] = @[0x080e3f51,1]), (@[0x080e3f55,1] = @[0x080e3f50,1])}[0m
[36m[info]   :[0m counter-example: {'ebp': '0xffffffff', 'ebx': '0x00000000', '0x080e3f50': '0x80', '0x080e3f51': '0x80', '0x080e3f52': '0x48', '0x080e3f54': '0x00', '0x080e3f55': '0x80', '0x080e3f56': '0x11', '0x080e3f57': '0x4b', 'default': '0xee'}[0m
